<?xml version="1.0" encoding="UTF-8"?>
<testsuite errors="0" failures="0" hostname="yoshi" name="org.coopbook.AppTest" tests="1" time="0.046" timestamp="2012-10-03T19:25:06">
  <properties />
  <testcase classname="org.coopbook.AppTest" name="testApp" time="0.001" />
  <system-out><![CDATA[]]></system-out>
  <system-err><![CDATA[]]></system-err>
</testsuite>
